2025-11-29 14:49:23,795 - INFO - === ЗАПУСК ОБУЧЕНИЯ ===
2025-11-29 14:49:23,795 - INFO - Загрузка данных...
2025-11-29 14:49:26,680 - INFO - Train: (76786, 224), Test: (73214, 222)
2025-11-29 14:49:26,809 - INFO - Target Encoding (CV-safe)...
2025-11-29 14:49:27,303 - INFO - Добавлено 41 enc-признаков
2025-11-29 14:49:27,304 - INFO - Импутация пропусков и удаление object-колонок...
2025-11-29 14:49:28,385 - INFO - Удалено 41 object-колонок. Осталось числовых: 221
2025-11-29 14:49:28,385 - INFO - cat_features = [] — только числовые признаки
2025-11-29 14:49:28,386 - INFO - Удалено 41 object-колонок. Осталось числовых: 221
2025-11-29 14:49:28,386 - INFO - Запуск CV-валидации (5 фолдов)...
2025-11-29 14:49:28,389 - INFO - --- ФОЛД 1/5 ---
2025-11-29 14:51:10,157 - INFO - Фолд 1: WMAE = 17470
2025-11-29 14:51:10,161 - INFO - --- ФОЛД 2/5 ---
2025-11-29 14:52:36,717 - INFO - Фолд 2: WMAE = 16181
2025-11-29 14:52:36,721 - INFO - --- ФОЛД 3/5 ---
2025-11-29 14:53:57,680 - INFO - Фолд 3: WMAE = 16978
2025-11-29 14:53:57,682 - INFO - --- ФОЛД 4/5 ---
2025-11-29 14:55:27,396 - INFO - Фолд 4: WMAE = 14867
2025-11-29 14:55:27,400 - INFO - --- ФОЛД 5/5 ---
2025-11-29 14:56:52,237 - INFO - Фолд 5: WMAE = 16790
2025-11-29 14:56:52,240 - INFO - CV WMAE: 16457 ± 896
2025-11-29 14:56:52,240 - INFO - Финальное обучение на всех данных...
2025-11-29 14:58:32,777 - INFO - Предсказание на test...
2025-11-29 14:58:35,479 - INFO - submission.csv — СОЗДАН
2025-11-29 14:58:35,479 - INFO - Сохранение модели и SHAP...
2025-11-29 14:58:36,874 - INFO - model_bundle.pkl — СОХРАНЁН
2025-11-29 14:58:36,875 - INFO - cv_report.txt — СОЗДАН
2025-11-29 14:58:36,875 - INFO - === ОБУЧЕНИЕ УСПЕШНО ЗАВЕРШЕНО ===
