2025-11-29 16:50:26,242 - INFO - === ЗАПУСК ОБУЧЕНИЯ ===
2025-11-29 16:50:26,242 - INFO - Загрузка данных...
2025-11-29 16:50:29,855 - INFO - Train: (76786, 224), Test: (73214, 222)
2025-11-29 16:50:30,098 - INFO - Target Encoding (CV-safe)...
2025-11-29 16:50:31,130 - INFO - Сохранение метаданных препроцессинга в model_bundle.pkl
2025-11-29 16:50:31,439 - INFO - Добавлено 41 enc-признаков
2025-11-29 16:50:31,440 - INFO - Импутация пропусков и удаление object-колонок...
2025-11-29 16:50:32,401 - INFO - Удалено 41 object-колонок. Осталось числовых: 221
2025-11-29 16:50:32,401 - INFO - cat_features = [] — только числовые признаки
2025-11-29 16:50:32,401 - INFO - Удалено 41 object-колонок. Осталось числовых: 221
2025-11-29 16:50:32,401 - INFO - Запуск CV-валидации (5 фолдов)...
2025-11-29 16:50:32,404 - INFO - --- ФОЛД 1/5 ---
2025-11-29 16:52:21,377 - INFO - Фолд 1: WMAE = 17470
2025-11-29 16:52:21,381 - INFO - --- ФОЛД 2/5 ---
2025-11-29 16:53:54,637 - INFO - Фолд 2: WMAE = 16181
2025-11-29 16:53:54,645 - INFO - --- ФОЛД 3/5 ---
2025-11-29 16:55:24,941 - INFO - Фолд 3: WMAE = 16978
2025-11-29 16:55:24,948 - INFO - --- ФОЛД 4/5 ---
2025-11-29 16:56:51,456 - INFO - Фолд 4: WMAE = 14867
2025-11-29 16:56:51,458 - INFO - --- ФОЛД 5/5 ---
2025-11-29 16:58:22,971 - INFO - Фолд 5: WMAE = 16790
2025-11-29 16:58:22,973 - INFO - CV WMAE: 16457 ± 896
2025-11-29 16:58:22,973 - INFO - Финальное обучение на всех данных...
2025-11-29 17:00:06,771 - INFO - Предсказание на test...
2025-11-29 17:00:09,645 - INFO - submission.csv — СОЗДАН
2025-11-29 17:00:09,645 - INFO - Сохранение модели и SHAP...
2025-11-29 17:00:11,750 - INFO - model_bundle.pkl — СОХРАНЁН
2025-11-29 17:00:11,751 - INFO - cv_report.txt — СОЗДАН
2025-11-29 17:00:11,751 - INFO - === ОБУЧЕНИЕ УСПЕШНО ЗАВЕРШЕНО ===
